2025-03-18 21:06:52,602 INFO: Paragraph Analyzer startup [in C:\Simplicity\app.py:84]
2025-03-18 21:06:55,826 INFO: Paragraph Analyzer startup [in C:\Simplicity\app.py:84]
2025-03-18 21:33:40,725 INFO: Paragraph Analyzer startup [in C:\Simplicity\app.py:84]
2025-03-18 21:33:44,474 INFO: Paragraph Analyzer startup [in C:\Simplicity\app.py:84]
2025-03-18 21:33:57,283 INFO: Metadata saved for document BR_TPP_0066.1024_Member_Booklet_ENGLISH_v1.pdf [in C:\Simplicity\app.py:233]
2025-03-18 21:33:59,300 INFO: Processed 45 paragraphs from BR_TPP_0066.1024_Member_Booklet_ENGLISH_v1.pdf [in C:\Simplicity\app.py:247]
2025-03-18 21:34:00,133 INFO: Metadata saved for document Contractual_Enrolment_Gross_3607_LE_TPP_0003.pdf [in C:\Simplicity\app.py:233]
2025-03-18 21:34:00,683 INFO: Processed 23 paragraphs from Contractual_Enrolment_Gross_3607_LE_TPP_0003.pdf [in C:\Simplicity\app.py:247]
2025-03-18 21:34:01,765 INFO: Metadata saved for document Contractual_Enrolment_Net_3609_LE_TPP_0004.pdf [in C:\Simplicity\app.py:233]
2025-03-18 21:34:02,548 INFO: Processed 32 paragraphs from Contractual_Enrolment_Net_3609_LE_TPP_0004.pdf [in C:\Simplicity\app.py:247]
2025-03-18 21:34:03,481 INFO: Metadata saved for document Eligible_Gross_93269a_BR_TPP_0007.pdf [in C:\Simplicity\app.py:233]
2025-03-18 21:34:04,698 INFO: Processed 22 paragraphs from Eligible_Gross_93269a_BR_TPP_0007.pdf [in C:\Simplicity\app.py:247]
2025-03-18 21:34:05,697 INFO: Metadata saved for document Eligible_Net_93269b_BR_TPP_0043.pdf [in C:\Simplicity\app.py:233]
2025-03-18 21:34:06,581 INFO: Processed 33 paragraphs from Eligible_Net_93269b_BR_TPP_0043.pdf [in C:\Simplicity\app.py:247]
2025-03-18 21:34:07,980 INFO: Metadata saved for document Eligible_Net_93382b_ST_TPP_0003.pdf [in C:\Simplicity\app.py:233]
2025-03-18 21:34:09,460 INFO: Processed 29 paragraphs from Eligible_Net_93382b_ST_TPP_0003.pdf [in C:\Simplicity\app.py:247]
2025-03-18 21:34:10,048 INFO: Metadata saved for document Entitled_Gross_93271a_ST_TPP_0001.pdf [in C:\Simplicity\app.py:233]
2025-03-18 21:34:10,712 INFO: Processed 23 paragraphs from Entitled_Gross_93271a_ST_TPP_0001.pdf [in C:\Simplicity\app.py:247]
2025-03-18 21:34:11,743 INFO: Metadata saved for document Entitled_Net_93271b_BR_TPP_0010.pdf [in C:\Simplicity\app.py:233]
2025-03-18 21:34:12,444 INFO: Processed 34 paragraphs from Entitled_Net_93271b_BR_TPP_0010.pdf [in C:\Simplicity\app.py:247]
2025-03-18 21:34:13,261 INFO: Metadata saved for document Non_Eligible_Gross_93270a_BR_TPP_0008.pdf [in C:\Simplicity\app.py:233]
2025-03-18 21:34:13,924 INFO: Processed 20 paragraphs from Non_Eligible_Gross_93270a_BR_TPP_0008.pdf [in C:\Simplicity\app.py:247]
2025-03-18 21:34:15,110 INFO: Metadata saved for document Non_Eligible_Gross_93383a_PRT_TPP_0001.pdf [in C:\Simplicity\app.py:233]
2025-03-18 21:34:16,408 INFO: Processed 22 paragraphs from Non_Eligible_Gross_93383a_PRT_TPP_0001.pdf [in C:\Simplicity\app.py:247]
2025-03-18 21:34:17,091 INFO: Metadata saved for document Provider_Switch_Gross_Previously_RGA_TPP_LE_0088.pdf [in C:\Simplicity\app.py:233]
2025-03-18 21:34:17,597 INFO: Processed 22 paragraphs from Provider_Switch_Gross_Previously_RGA_TPP_LE_0088.pdf [in C:\Simplicity\app.py:247]
2025-03-18 21:34:18,673 INFO: Metadata saved for document Provider_Switch_Net_Previously_RGA_TPP_LE_0087.pdf [in C:\Simplicity\app.py:233]
2025-03-18 21:34:19,490 INFO: Processed 31 paragraphs from Provider_Switch_Net_Previously_RGA_TPP_LE_0087.pdf [in C:\Simplicity\app.py:247]
2025-03-18 21:45:59,354 INFO: Paragraph Analyzer startup [in C:\Simplicity\app.py:84]
2025-03-18 21:46:03,030 INFO: Paragraph Analyzer startup [in C:\Simplicity\app.py:84]
2025-03-18 21:46:22,797 INFO: Tagging paragraph 31429 with tag 5, tag_all_duplicates: True [in C:\Simplicity\app.py:502]
2025-03-18 21:47:55,516 INFO: Paragraph Analyzer startup [in C:\Simplicity\app.py:84]
2025-03-18 21:47:59,487 INFO: Paragraph Analyzer startup [in C:\Simplicity\app.py:84]
2025-03-18 21:48:16,933 INFO: Tagging paragraph 31545 with tag 1, tag_all_duplicates: True [in C:\Simplicity\app.py:502]
2025-03-18 21:55:39,877 INFO: Paragraph Analyzer startup [in C:\Simplicity\app.py:84]
2025-03-18 21:55:43,812 INFO: Paragraph Analyzer startup [in C:\Simplicity\app.py:84]
2025-03-18 21:56:14,046 INFO: Tagging paragraph 31549 with tag 8, tag_all_duplicates: True [in C:\Simplicity\app.py:502]
2025-03-18 22:41:09,585 INFO: Paragraph Analyzer startup [in C:\Simplicity\app.py:91]
2025-03-18 22:41:15,951 INFO: Paragraph Analyzer startup [in C:\Simplicity\app.py:91]
2025-03-19 08:21:00,230 INFO: Retrieved 336 paragraphs for similarity analysis [in C:\Simplicity\app.py:353]
2025-03-19 08:21:00,230 INFO: Paragraph distribution by document: {701: 45, 702: 23, 703: 32, 704: 22, 705: 29, 706: 23, 707: 34, 708: 33, 709: 20, 710: 22, 711: 22, 712: 31} [in C:\Simplicity\app.py:363]
2025-03-19 08:21:00,247 INFO: Finding exact matches... [in C:\Simplicity\app.py:378]
2025-03-19 08:21:00,404 INFO: Found 457 exact matches [in C:\Simplicity\app.py:380]
2025-03-19 08:21:00,405 INFO: Finding similar paragraphs... [in C:\Simplicity\app.py:383]
2025-03-19 08:21:01,447 INFO: Found 505 similar paragraphs [in C:\Simplicity\app.py:385]
2025-03-19 08:21:01,447 INFO: Saving 962 similarity results to database [in C:\Simplicity\app.py:392]
2025-03-19 08:22:07,945 INFO: Tagging paragraph 34299 with tag 9, tag_all_duplicates: False [in C:\Simplicity\app.py:470]
2025-03-19 08:22:07,963 INFO: Tagging paragraph 34465 with tag 9, tag_all_duplicates: False [in C:\Simplicity\app.py:470]
2025-03-19 11:16:51,034 INFO: Retrieved 336 paragraphs for similarity analysis [in C:\Simplicity\app.py:353]
2025-03-19 11:16:51,041 INFO: Paragraph distribution by document: {701: 45, 702: 23, 703: 32, 704: 22, 705: 29, 706: 23, 707: 34, 708: 33, 709: 20, 710: 22, 711: 22, 712: 31} [in C:\Simplicity\app.py:363]
2025-03-19 11:16:51,042 INFO: Finding exact matches... [in C:\Simplicity\app.py:378]
2025-03-19 11:16:51,194 INFO: Found 457 exact matches [in C:\Simplicity\app.py:380]
2025-03-19 11:16:51,194 INFO: Finding similar paragraphs... [in C:\Simplicity\app.py:383]
2025-03-19 11:16:52,193 INFO: Found 505 similar paragraphs [in C:\Simplicity\app.py:385]
2025-03-19 11:16:52,193 INFO: Saving 962 similarity results to database [in C:\Simplicity\app.py:392]
2025-03-19 11:50:44,482 INFO: Retrieved 336 paragraphs for similarity analysis [in C:\Simplicity\app.py:353]
2025-03-19 11:50:44,498 INFO: Paragraph distribution by document: {701: 45, 702: 23, 703: 32, 704: 22, 705: 29, 706: 23, 707: 34, 708: 33, 709: 20, 710: 22, 711: 22, 712: 31} [in C:\Simplicity\app.py:363]
2025-03-19 11:50:44,511 INFO: Finding exact matches... [in C:\Simplicity\app.py:378]
2025-03-19 11:50:44,659 INFO: Found 457 exact matches [in C:\Simplicity\app.py:380]
2025-03-19 11:50:44,660 INFO: Finding similar paragraphs... [in C:\Simplicity\app.py:383]
2025-03-19 11:50:45,981 INFO: Found 505 similar paragraphs [in C:\Simplicity\app.py:385]
2025-03-19 11:50:45,981 INFO: Saving 962 similarity results to database [in C:\Simplicity\app.py:392]
2025-03-19 11:50:46,306 INFO: Retrieved 336 paragraphs for similarity analysis [in C:\Simplicity\app.py:353]
2025-03-19 11:50:46,307 INFO: Paragraph distribution by document: {701: 45, 702: 23, 703: 32, 704: 22, 705: 29, 706: 23, 707: 34, 708: 33, 709: 20, 710: 22, 711: 22, 712: 31} [in C:\Simplicity\app.py:363]
2025-03-19 11:50:46,312 INFO: Finding exact matches... [in C:\Simplicity\app.py:378]
2025-03-19 11:50:46,448 INFO: Found 457 exact matches [in C:\Simplicity\app.py:380]
2025-03-19 11:50:46,448 INFO: Finding similar paragraphs... [in C:\Simplicity\app.py:383]
2025-03-19 11:50:47,634 INFO: Found 505 similar paragraphs [in C:\Simplicity\app.py:385]
2025-03-19 11:50:47,634 INFO: Saving 962 similarity results to database [in C:\Simplicity\app.py:392]
2025-03-19 11:50:57,829 INFO: Retrieved 336 paragraphs for similarity analysis [in C:\Simplicity\app.py:353]
2025-03-19 11:50:57,829 INFO: Paragraph distribution by document: {701: 45, 702: 23, 703: 32, 704: 22, 705: 29, 706: 23, 707: 34, 708: 33, 709: 20, 710: 22, 711: 22, 712: 31} [in C:\Simplicity\app.py:363]
2025-03-19 11:50:57,848 INFO: Finding exact matches... [in C:\Simplicity\app.py:378]
2025-03-19 11:50:57,990 INFO: Found 457 exact matches [in C:\Simplicity\app.py:380]
2025-03-19 11:50:57,992 INFO: Finding similar paragraphs... [in C:\Simplicity\app.py:383]
2025-03-19 11:50:59,093 INFO: Found 628 similar paragraphs [in C:\Simplicity\app.py:385]
2025-03-19 11:50:59,109 INFO: Saving 1085 similarity results to database [in C:\Simplicity\app.py:392]
2025-03-19 12:01:23,204 INFO: Retrieved 336 paragraphs for similarity analysis [in C:\Simplicity\app.py:353]
2025-03-19 12:01:23,204 INFO: Paragraph distribution by document: {713: 45, 714: 23, 715: 32, 716: 22, 717: 33, 718: 29, 719: 23, 720: 34, 721: 20, 722: 22, 723: 22, 724: 31} [in C:\Simplicity\app.py:363]
2025-03-19 12:01:23,208 INFO: Finding exact matches... [in C:\Simplicity\app.py:378]
2025-03-19 12:01:23,355 INFO: Found 457 exact matches [in C:\Simplicity\app.py:380]
2025-03-19 12:01:23,356 INFO: Finding similar paragraphs... [in C:\Simplicity\app.py:383]
2025-03-19 12:01:24,362 INFO: Found 505 similar paragraphs [in C:\Simplicity\app.py:385]
2025-03-19 12:01:24,362 INFO: Saving 962 similarity results to database [in C:\Simplicity\app.py:392]
2025-03-19 12:13:46,788 INFO: Retrieved 336 paragraphs for similarity analysis [in C:\Simplicity\app.py:353]
2025-03-19 12:13:46,788 INFO: Paragraph distribution by document: {713: 45, 714: 23, 715: 32, 716: 22, 717: 33, 718: 29, 719: 23, 720: 34, 721: 20, 722: 22, 723: 22, 724: 31} [in C:\Simplicity\app.py:363]
2025-03-19 12:13:46,793 INFO: Finding exact matches... [in C:\Simplicity\app.py:378]
2025-03-19 12:13:46,944 INFO: Found 457 exact matches [in C:\Simplicity\app.py:380]
2025-03-19 12:13:46,944 INFO: Finding similar paragraphs... [in C:\Simplicity\app.py:383]
2025-03-19 12:13:48,093 INFO: Found 505 similar paragraphs [in C:\Simplicity\app.py:385]
2025-03-19 12:13:48,093 INFO: Saving 962 similarity results to database [in C:\Simplicity\app.py:392]
2025-03-19 12:40:37,030 INFO: Paragraph Analyzer startup [in C:\Simplicity\app.py:91]
2025-03-19 12:40:42,910 INFO: Paragraph Analyzer startup [in C:\Simplicity\app.py:91]
